* using log directory ‘/Users/u1001407/Dropbox/Development/JCSMR_Genomics/R/TremethickLab/RepeatReads.Rcheck’
* using R version 3.1.2 (2014-10-31)
* using platform: x86_64-apple-darwin13.4.0 (64-bit)
* using session charset: UTF-8
* using option ‘--no-build-vignettes’
* checking for file ‘RepeatReads/DESCRIPTION’ ... OK
* checking extension type ... Package
* this is package ‘RepeatReads’ version ‘1.0’
* checking package namespace information ... OK
* checking package dependencies ... OK
* checking if this is a source package ... OK
* checking if there is a namespace ... OK
* checking for executable files ... OK
* checking for hidden files and directories ... OK
* checking for portable file names ... OK
* checking for sufficient/correct file permissions ... OK
* checking whether package ‘RepeatReads’ can be installed ... OK
* checking installed package size ... OK
* checking package directory ... OK
* checking DESCRIPTION meta-information ... WARNING
Non-standard license specification:
  What license is it under?
Standardizable: FALSE
* checking top-level files ... OK
* checking for left-over files ... OK
* checking index information ... OK
* checking package subdirectories ... OK
* checking R files for non-ASCII characters ... OK
* checking R files for syntax errors ... OK
* checking whether the package can be loaded ... OK
* checking whether the package can be loaded with stated dependencies ... OK
* checking whether the package can be unloaded cleanly ... OK
* checking whether the namespace can be loaded with stated dependencies ... OK
* checking whether the namespace can be unloaded cleanly ... OK
* checking loading without being on the library search path ... OK
* checking dependencies in R code ... NOTE
Package in Depends field not imported from: ‘methods’
  These packages need to be imported from (in the NAMESPACE file)
  for when this namespace is loaded but not attached.
See the information on DESCRIPTION files in the chapter ‘Creating R
packages’ of the ‘Writing R Extensions’ manual.
* checking S3 generic/method consistency ... OK
* checking replacement functions ... OK
* checking foreign function calls ... OK
* checking R code for possible problems ... OK
* checking Rd files ... WARNING
prepare_Rd: RepeatRead-class.Rd:22-24: Dropping empty section \note
prepare_Rd: RepeatRead-class.Rd:16-18: Dropping empty section \references
prepare_Rd: RepeatRead-class.Rd:28-31: Dropping empty section \seealso
prepare_Rd: RepeatRead.Rd:7-9: Dropping empty section \description
prepare_Rd: RepeatRead.Rd:19-21: Dropping empty section \details
prepare_Rd: RepeatRead.Rd:22-28: Dropping empty section \value
prepare_Rd: RepeatRead.Rd:35-37: Dropping empty section \note
prepare_Rd: RepeatRead.Rd:32-34: Dropping empty section \author
prepare_Rd: RepeatRead.Rd:29-31: Dropping empty section \references
prepare_Rd: RepeatRead.Rd:41-43: Dropping empty section \seealso
checkRd: (5) RepeatRead.Rd:0-57: Must have a \description
* checking Rd metadata ... WARNING
Rd files with duplicated alias 'RepeatRead':
  ‘RepeatRead-class.Rd’ ‘RepeatRead.Rd’
* checking Rd line widths ... NOTE
Rd file 'RepeatRead.Rd':
  \examples lines wider than 100 characters:
     new("RepeatRead", ...), className = structure("RepeatRead", package = "RepeatReads"), package = "RepeatReads", generator = <S4 object o ... [TRUNCATED]

These lines will be truncated in the PDF manual.
* checking Rd cross-references ... WARNING
Unknown package ‘<pkg>’ in Rd xrefs
* checking for missing documentation entries ... OK
* checking for code/documentation mismatches ... OK
* checking Rd \usage sections ... OK
* checking Rd contents ... OK
* checking for unstated dependencies in examples ... WARNING
Warning: parse error in file 'RepeatReads-Ex.R':
43:124: unexpected '<'
42: structure(function (...) 
43: new("RepeatRead", ...), className = structure("RepeatRead", package = "RepeatReads"), package = "RepeatReads", generator = <
                                                                                                                               ^
* checking examples ... ERROR
Running examples in ‘RepeatReads-Ex.R’ failed
The error most likely occurred in:

> base::assign(".ptime", proc.time(), pos = "CheckExEnv")
> ### Name: RepeatRead
> ### Title: Creates an object of class "RepeatRead"
> ### Aliases: RepeatRead
> ### Keywords: ~kwd1 ~kwd2
> 
> ### ** Examples
> 
> ##---- Should be DIRECTLY executable !! ----
> ##-- ==>  Define data, use random,
> ##--	or do  help(data=index)  for the standard data sets.
> 
> ## The function is currently defined as
> structure(function (...) 
+ new("RepeatRead", ...), className = structure("RepeatRead", package = "RepeatReads"), package = "RepeatReads", generator = <S4 object of class structure("refGeneratorSlot", package = "methods")>, class = structure("refObjectGenerator", package = "methods"))
Error: unexpected '<' in:
"structure(function (...) 
new("RepeatRead", ...), className = structure("RepeatRead", package = "RepeatReads"), package = "RepeatReads", generator = <"
Execution halted
